The system is: Linux - 5.15.0-164-generic - x86_64
Compiling the CXX compiler identification source file "CMakeCXXCompilerId.cpp" succeeded.
Compiler: /usr/bin/clang++ 
Build flags: 
Id flags:  

The output was:
0


Compilation of the CXX compiler identification source "CMakeCXXCompilerId.cpp" produced "a.out"

The CXX compiler identification is Clang, found in "/home/tudor/Licenta/VerilatorSetup/build/CMakeFiles/3.22.1/CompilerIdCXX/a.out"

Detecting CXX compiler ABI info compiled with the following output:
Change Dir: /home/tudor/Licenta/VerilatorSetup/build/CMakeFiles/CMakeTmp

Run Build Command(s):/usr/bin/ninja cmTC_a4d9d && [1/2] Building CXX object CMakeFiles/cmTC_a4d9d.dir/CMakeCXXCompilerABI.cpp.o
Ubuntu clang version 14.0.0-1ubuntu1.1
Target: x86_64-pc-linux-gnu
Thread model: posix
InstalledDir: /usr/bin
Found candidate GCC installation: /usr/bin/../lib/gcc/x86_64-linux-gnu/11
Found candidate GCC installation: /usr/bin/../lib/gcc/x86_64-linux-gnu/12
Selected GCC installation: /usr/bin/../lib/gcc/x86_64-linux-gnu/12
Candidate multilib: .;@m64
Selected multilib: .;@m64
 (in-process)
 "/usr/lib/llvm-14/bin/clang" -cc1 -triple x86_64-pc-linux-gnu -emit-obj -mrelax-all --mrelax-relocations -disable-free -clear-ast-before-backend -disable-llvm-verifier -discard-value-names -main-file-name CMakeCXXCompilerABI.cpp -mrelocation-model pic -pic-level 2 -pic-is-pie -mframe-pointer=all -fmath-errno -ffp-contract=on -fno-rounding-math -mconstructor-aliases -funwind-tables=2 -target-cpu x86-64 -tune-cpu generic -mllvm -treat-scalable-fixed-error-as-warning -debugger-tuning=gdb -v -fcoverage-compilation-dir=/home/tudor/Licenta/VerilatorSetup/build/CMakeFiles/CMakeTmp -resource-dir /usr/lib/llvm-14/lib/clang/14.0.0 -dependency-file CMakeFiles/cmTC_a4d9d.dir/CMakeCXXCompilerABI.cpp.o.d -MT CMakeFiles/cmTC_a4d9d.dir/CMakeCXXCompilerABI.cpp.o -sys-header-deps -internal-isystem /usr/bin/../lib/gcc/x86_64-linux-gnu/12/../../../../include/c++/12 -internal-isystem /usr/bin/../lib/gcc/x86_64-linux-gnu/12/../../../../include/x86_64-linux-gnu/c++/12 -internal-isystem /usr/bin/../lib/gcc/x86_64-linux-gnu/12/../../../../include/c++/12/backward -internal-isystem /usr/lib/llvm-14/lib/clang/14.0.0/include -internal-isystem /usr/local/include -internal-isystem /usr/bin/../lib/gcc/x86_64-linux-gnu/12/../../../../x86_64-linux-gnu/include -internal-externc-isystem /usr/include/x86_64-linux-gnu -internal-externc-isystem /include -internal-externc-isystem /usr/include -fdeprecated-macro -fdebug-compilation-dir=/home/tudor/Licenta/VerilatorSetup/build/CMakeFiles/CMakeTmp -ferror-limit 19 -fgnuc-version=4.2.1 -fcxx-exceptions -fexceptions -faddrsig -D__GCC_HAVE_DWARF2_CFI_ASM=1 -o CMakeFiles/cmTC_a4d9d.dir/CMakeCXXCompilerABI.cpp.o -x c++ /usr/share/cmake-3.22/Modules/CMakeCXXCompilerABI.cpp
clang -cc1 version 14.0.0 based upon LLVM 14.0.0 default target x86_64-pc-linux-gnu
ignoring nonexistent directory "/usr/bin/../lib/gcc/x86_64-linux-gnu/12/../../../../x86_64-linux-gnu/include"
ignoring nonexistent directory "/include"
#include "..." search starts here:
#include <...> search starts here:
 /usr/bin/../lib/gcc/x86_64-linux-gnu/12/../../../../include/c++/12
 /usr/bin/../lib/gcc/x86_64-linux-gnu/12/../../../../include/x86_64-linux-gnu/c++/12
 /usr/bin/../lib/gcc/x86_64-linux-gnu/12/../../../../include/c++/12/backward
 /usr/lib/llvm-14/lib/clang/14.0.0/include
 /usr/local/include
 /usr/include/x86_64-linux-gnu
 /usr/include
End of search list.
[2/2] Linking CXX executable cmTC_a4d9d
Ubuntu clang version 14.0.0-1ubuntu1.1
Target: x86_64-pc-linux-gnu
Thread model: posix
InstalledDir: /usr/bin
Found candidate GCC installation: /usr/bin/../lib/gcc/x86_64-linux-gnu/11
Found candidate GCC installation: /usr/bin/../lib/gcc/x86_64-linux-gnu/12
Selected GCC installation: /usr/bin/../lib/gcc/x86_64-linux-gnu/12
Candidate multilib: .;@m64
Selected multilib: .;@m64
 "/usr/bin/ld" -pie --hash-style=both --build-id --eh-frame-hdr -m elf_x86_64 -dynamic-linker /lib64/ld-linux-x86-64.so.2 -o cmTC_a4d9d /lib/x86_64-linux-gnu/Scrt1.o /lib/x86_64-linux-gnu/crti.o /usr/bin/../lib/gcc/x86_64-linux-gnu/12/crtbeginS.o -L/usr/bin/../lib/gcc/x86_64-linux-gnu/12 -L/usr/bin/../lib/gcc/x86_64-linux-gnu/12/../../../../lib64 -L/lib/x86_64-linux-gnu -L/lib/../lib64 -L/usr/lib/x86_64-linux-gnu -L/usr/lib/../lib64 -L/usr/lib/llvm-14/bin/../lib -L/lib -L/usr/lib CMakeFiles/cmTC_a4d9d.dir/CMakeCXXCompilerABI.cpp.o -lstdc++ -lm -lgcc_s -lgcc -lc -lgcc_s -lgcc /usr/bin/../lib/gcc/x86_64-linux-gnu/12/crtendS.o /lib/x86_64-linux-gnu/crtn.o



Parsed CXX implicit include dir info from above output: rv=done
  found start of include info
  found start of implicit include info
    add: [/usr/bin/../lib/gcc/x86_64-linux-gnu/12/../../../../include/c++/12]
    add: [/usr/bin/../lib/gcc/x86_64-linux-gnu/12/../../../../include/x86_64-linux-gnu/c++/12]
    add: [/usr/bin/../lib/gcc/x86_64-linux-gnu/12/../../../../include/c++/12/backward]
    add: [/usr/lib/llvm-14/lib/clang/14.0.0/include]
    add: [/usr/local/include]
    add: [/usr/include/x86_64-linux-gnu]
    add: [/usr/include]
  end of search list found
  collapse include dir [/usr/bin/../lib/gcc/x86_64-linux-gnu/12/../../../../include/c++/12] ==> [/usr/include/c++/12]
  collapse include dir [/usr/bin/../lib/gcc/x86_64-linux-gnu/12/../../../../include/x86_64-linux-gnu/c++/12] ==> [/usr/include/x86_64-linux-gnu/c++/12]
  collapse include dir [/usr/bin/../lib/gcc/x86_64-linux-gnu/12/../../../../include/c++/12/backward] ==> [/usr/include/c++/12/backward]
  collapse include dir [/usr/lib/llvm-14/lib/clang/14.0.0/include] ==> [/usr/lib/llvm-14/lib/clang/14.0.0/include]
  collapse include dir [/usr/local/include] ==> [/usr/local/include]
  collapse include dir [/usr/include/x86_64-linux-gnu] ==> [/usr/include/x86_64-linux-gnu]
  collapse include dir [/usr/include] ==> [/usr/include]
  implicit include dirs: [/usr/include/c++/12;/usr/include/x86_64-linux-gnu/c++/12;/usr/include/c++/12/backward;/usr/lib/llvm-14/lib/clang/14.0.0/include;/usr/local/include;/usr/include/x86_64-linux-gnu;/usr/include]


Parsed CXX implicit link information from above output:
  link line regex: [^( *|.*[/\])(ld|CMAKE_LINK_STARTFILE-NOTFOUND|([^/\]+-)?ld|collect2)[^/\]*( |$)]
  ignore line: [Change Dir: /home/tudor/Licenta/VerilatorSetup/build/CMakeFiles/CMakeTmp]
  ignore line: []
  ignore line: [Run Build Command(s):/usr/bin/ninja cmTC_a4d9d && [1/2] Building CXX object CMakeFiles/cmTC_a4d9d.dir/CMakeCXXCompilerABI.cpp.o]
  ignore line: [Ubuntu clang version 14.0.0-1ubuntu1.1]
  ignore line: [Target: x86_64-pc-linux-gnu]
  ignore line: [Thread model: posix]
  ignore line: [InstalledDir: /usr/bin]
  ignore line: [Found candidate GCC installation: /usr/bin/../lib/gcc/x86_64-linux-gnu/11]
  ignore line: [Found candidate GCC installation: /usr/bin/../lib/gcc/x86_64-linux-gnu/12]
  ignore line: [Selected GCC installation: /usr/bin/../lib/gcc/x86_64-linux-gnu/12]
  ignore line: [Candidate multilib: .]
  ignore line: [@m64]
  ignore line: [Selected multilib: .]
  ignore line: [@m64]
  ignore line: [ (in-process)]
  ignore line: [ "/usr/lib/llvm-14/bin/clang" -cc1 -triple x86_64-pc-linux-gnu -emit-obj -mrelax-all --mrelax-relocations -disable-free -clear-ast-before-backend -disable-llvm-verifier -discard-value-names -main-file-name CMakeCXXCompilerABI.cpp -mrelocation-model pic -pic-level 2 -pic-is-pie -mframe-pointer=all -fmath-errno -ffp-contract=on -fno-rounding-math -mconstructor-aliases -funwind-tables=2 -target-cpu x86-64 -tune-cpu generic -mllvm -treat-scalable-fixed-error-as-warning -debugger-tuning=gdb -v -fcoverage-compilation-dir=/home/tudor/Licenta/VerilatorSetup/build/CMakeFiles/CMakeTmp -resource-dir /usr/lib/llvm-14/lib/clang/14.0.0 -dependency-file CMakeFiles/cmTC_a4d9d.dir/CMakeCXXCompilerABI.cpp.o.d -MT CMakeFiles/cmTC_a4d9d.dir/CMakeCXXCompilerABI.cpp.o -sys-header-deps -internal-isystem /usr/bin/../lib/gcc/x86_64-linux-gnu/12/../../../../include/c++/12 -internal-isystem /usr/bin/../lib/gcc/x86_64-linux-gnu/12/../../../../include/x86_64-linux-gnu/c++/12 -internal-isystem /usr/bin/../lib/gcc/x86_64-linux-gnu/12/../../../../include/c++/12/backward -internal-isystem /usr/lib/llvm-14/lib/clang/14.0.0/include -internal-isystem /usr/local/include -internal-isystem /usr/bin/../lib/gcc/x86_64-linux-gnu/12/../../../../x86_64-linux-gnu/include -internal-externc-isystem /usr/include/x86_64-linux-gnu -internal-externc-isystem /include -internal-externc-isystem /usr/include -fdeprecated-macro -fdebug-compilation-dir=/home/tudor/Licenta/VerilatorSetup/build/CMakeFiles/CMakeTmp -ferror-limit 19 -fgnuc-version=4.2.1 -fcxx-exceptions -fexceptions -faddrsig -D__GCC_HAVE_DWARF2_CFI_ASM=1 -o CMakeFiles/cmTC_a4d9d.dir/CMakeCXXCompilerABI.cpp.o -x c++ /usr/share/cmake-3.22/Modules/CMakeCXXCompilerABI.cpp]
  ignore line: [clang -cc1 version 14.0.0 based upon LLVM 14.0.0 default target x86_64-pc-linux-gnu]
  ignore line: [ignoring nonexistent directory "/usr/bin/../lib/gcc/x86_64-linux-gnu/12/../../../../x86_64-linux-gnu/include"]
  ignore line: [ignoring nonexistent directory "/include"]
  ignore line: [#include "..." search starts here:]
  ignore line: [#include <...> search starts here:]
  ignore line: [ /usr/bin/../lib/gcc/x86_64-linux-gnu/12/../../../../include/c++/12]
  ignore line: [ /usr/bin/../lib/gcc/x86_64-linux-gnu/12/../../../../include/x86_64-linux-gnu/c++/12]
  ignore line: [ /usr/bin/../lib/gcc/x86_64-linux-gnu/12/../../../../include/c++/12/backward]
  ignore line: [ /usr/lib/llvm-14/lib/clang/14.0.0/include]
  ignore line: [ /usr/local/include]
  ignore line: [ /usr/include/x86_64-linux-gnu]
  ignore line: [ /usr/include]
  ignore line: [End of search list.]
  ignore line: [[2/2] Linking CXX executable cmTC_a4d9d]
  ignore line: [Ubuntu clang version 14.0.0-1ubuntu1.1]
  ignore line: [Target: x86_64-pc-linux-gnu]
  ignore line: [Thread model: posix]
  ignore line: [InstalledDir: /usr/bin]
  ignore line: [Found candidate GCC installation: /usr/bin/../lib/gcc/x86_64-linux-gnu/11]
  ignore line: [Found candidate GCC installation: /usr/bin/../lib/gcc/x86_64-linux-gnu/12]
  ignore line: [Selected GCC installation: /usr/bin/../lib/gcc/x86_64-linux-gnu/12]
  ignore line: [Candidate multilib: .]
  ignore line: [@m64]
  ignore line: [Selected multilib: .]
  ignore line: [@m64]
  link line: [ "/usr/bin/ld" -pie --hash-style=both --build-id --eh-frame-hdr -m elf_x86_64 -dynamic-linker /lib64/ld-linux-x86-64.so.2 -o cmTC_a4d9d /lib/x86_64-linux-gnu/Scrt1.o /lib/x86_64-linux-gnu/crti.o /usr/bin/../lib/gcc/x86_64-linux-gnu/12/crtbeginS.o -L/usr/bin/../lib/gcc/x86_64-linux-gnu/12 -L/usr/bin/../lib/gcc/x86_64-linux-gnu/12/../../../../lib64 -L/lib/x86_64-linux-gnu -L/lib/../lib64 -L/usr/lib/x86_64-linux-gnu -L/usr/lib/../lib64 -L/usr/lib/llvm-14/bin/../lib -L/lib -L/usr/lib CMakeFiles/cmTC_a4d9d.dir/CMakeCXXCompilerABI.cpp.o -lstdc++ -lm -lgcc_s -lgcc -lc -lgcc_s -lgcc /usr/bin/../lib/gcc/x86_64-linux-gnu/12/crtendS.o /lib/x86_64-linux-gnu/crtn.o]
    arg [/usr/bin/ld] ==> ignore
    arg [-pie] ==> ignore
    arg [--hash-style=both] ==> ignore
    arg [--build-id] ==> ignore
    arg [--eh-frame-hdr] ==> ignore
    arg [-m] ==> ignore
    arg [elf_x86_64] ==> ignore
    arg [-dynamic-linker] ==> ignore
    arg [/lib64/ld-linux-x86-64.so.2] ==> ignore
    arg [-o] ==> ignore
    arg [cmTC_a4d9d] ==> ignore
    arg [/lib/x86_64-linux-gnu/Scrt1.o] ==> obj [/lib/x86_64-linux-gnu/Scrt1.o]
    arg [/lib/x86_64-linux-gnu/crti.o] ==> obj [/lib/x86_64-linux-gnu/crti.o]
    arg [/usr/bin/../lib/gcc/x86_64-linux-gnu/12/crtbeginS.o] ==> obj [/usr/bin/../lib/gcc/x86_64-linux-gnu/12/crtbeginS.o]
    arg [-L/usr/bin/../lib/gcc/x86_64-linux-gnu/12] ==> dir [/usr/bin/../lib/gcc/x86_64-linux-gnu/12]
    arg [-L/usr/bin/../lib/gcc/x86_64-linux-gnu/12/../../../../lib64] ==> dir [/usr/bin/../lib/gcc/x86_64-linux-gnu/12/../../../../lib64]
    arg [-L/lib/x86_64-linux-gnu] ==> dir [/lib/x86_64-linux-gnu]
    arg [-L/lib/../lib64] ==> dir [/lib/../lib64]
    arg [-L/usr/lib/x86_64-linux-gnu] ==> dir [/usr/lib/x86_64-linux-gnu]
    arg [-L/usr/lib/../lib64] ==> dir [/usr/lib/../lib64]
    arg [-L/usr/lib/llvm-14/bin/../lib] ==> dir [/usr/lib/llvm-14/bin/../lib]
    arg [-L/lib] ==> dir [/lib]
    arg [-L/usr/lib] ==> dir [/usr/lib]
    arg [CMakeFiles/cmTC_a4d9d.dir/CMakeCXXCompilerABI.cpp.o] ==> ignore
    arg [-lstdc++] ==> lib [stdc++]
    arg [-lm] ==> lib [m]
    arg [-lgcc_s] ==> lib [gcc_s]
    arg [-lgcc] ==> lib [gcc]
    arg [-lc] ==> lib [c]
    arg [-lgcc_s] ==> lib [gcc_s]
    arg [-lgcc] ==> lib [gcc]
    arg [/usr/bin/../lib/gcc/x86_64-linux-gnu/12/crtendS.o] ==> obj [/usr/bin/../lib/gcc/x86_64-linux-gnu/12/crtendS.o]
    arg [/lib/x86_64-linux-gnu/crtn.o] ==> obj [/lib/x86_64-linux-gnu/crtn.o]
  collapse obj [/usr/bin/../lib/gcc/x86_64-linux-gnu/12/crtbeginS.o] ==> [/usr/lib/gcc/x86_64-linux-gnu/12/crtbeginS.o]
  collapse obj [/usr/bin/../lib/gcc/x86_64-linux-gnu/12/crtendS.o] ==> [/usr/lib/gcc/x86_64-linux-gnu/12/crtendS.o]
  collapse library dir [/usr/bin/../lib/gcc/x86_64-linux-gnu/12] ==> [/usr/lib/gcc/x86_64-linux-gnu/12]
  collapse library dir [/usr/bin/../lib/gcc/x86_64-linux-gnu/12/../../../../lib64] ==> [/usr/lib64]
  collapse library dir [/lib/x86_64-linux-gnu] ==> [/lib/x86_64-linux-gnu]
  collapse library dir [/lib/../lib64] ==> [/lib64]
  collapse library dir [/usr/lib/x86_64-linux-gnu] ==> [/usr/lib/x86_64-linux-gnu]
  collapse library dir [/usr/lib/../lib64] ==> [/usr/lib64]
  collapse library dir [/usr/lib/llvm-14/bin/../lib] ==> [/usr/lib/llvm-14/lib]
  collapse library dir [/lib] ==> [/lib]
  collapse library dir [/usr/lib] ==> [/usr/lib]
  implicit libs: [stdc++;m;gcc_s;gcc;c;gcc_s;gcc]
  implicit objs: [/lib/x86_64-linux-gnu/Scrt1.o;/lib/x86_64-linux-gnu/crti.o;/usr/lib/gcc/x86_64-linux-gnu/12/crtbeginS.o;/usr/lib/gcc/x86_64-linux-gnu/12/crtendS.o;/lib/x86_64-linux-gnu/crtn.o]
  implicit dirs: [/usr/lib/gcc/x86_64-linux-gnu/12;/usr/lib64;/lib/x86_64-linux-gnu;/lib64;/usr/lib/x86_64-linux-gnu;/usr/lib/llvm-14/lib;/lib;/usr/lib]
  implicit fwks: []


Performing C++ SOURCE FILE Test _faligned_new succeeded with the following output:
Change Dir: /home/tudor/Licenta/VerilatorSetup/build/CMakeFiles/CMakeTmp

Run Build Command(s):/usr/bin/ninja cmTC_1a2c0 && [1/2] Building CXX object CMakeFiles/cmTC_1a2c0.dir/src.cxx.o
/home/tudor/Licenta/VerilatorSetup/build/CMakeFiles/CMakeTmp/src.cxx:2:10: warning: warning [-W#warnings]
        #warning warning
         ^
1 warning generated.
[2/2] Linking CXX executable cmTC_1a2c0


Source file was:

        #warning warning
        int main() { return 0; }
        
Performing C++ SOURCE FILE Test _fbracket_depth_4096 succeeded with the following output:
Change Dir: /home/tudor/Licenta/VerilatorSetup/build/CMakeFiles/CMakeTmp

Run Build Command(s):/usr/bin/ninja cmTC_77c27 && [1/2] Building CXX object CMakeFiles/cmTC_77c27.dir/src.cxx.o
/home/tudor/Licenta/VerilatorSetup/build/CMakeFiles/CMakeTmp/src.cxx:2:10: warning: warning [-W#warnings]
        #warning warning
         ^
1 warning generated.
[2/2] Linking CXX executable cmTC_77c27


Source file was:

        #warning warning
        int main() { return 0; }
        
Performing C++ SOURCE FILE Test _fcf_protection_none succeeded with the following output:
Change Dir: /home/tudor/Licenta/VerilatorSetup/build/CMakeFiles/CMakeTmp

Run Build Command(s):/usr/bin/ninja cmTC_61827 && [1/2] Building CXX object CMakeFiles/cmTC_61827.dir/src.cxx.o
/home/tudor/Licenta/VerilatorSetup/build/CMakeFiles/CMakeTmp/src.cxx:2:10: warning: warning [-W#warnings]
        #warning warning
         ^
1 warning generated.
[2/2] Linking CXX executable cmTC_61827


Source file was:

        #warning warning
        int main() { return 0; }
        
Performing C++ SOURCE FILE Test _Xclang succeeded with the following output:
Change Dir: /home/tudor/Licenta/VerilatorSetup/build/CMakeFiles/CMakeTmp

Run Build Command(s):/usr/bin/ninja cmTC_f87bc && [1/2] Building CXX object CMakeFiles/cmTC_f87bc.dir/src.cxx.o
/home/tudor/Licenta/VerilatorSetup/build/CMakeFiles/CMakeTmp/src.cxx:2:10: warning: warning [-W#warnings]
        #warning warning
         ^
1 warning generated.
[2/2] Linking CXX executable cmTC_f87bc


Source file was:

        #warning warning
        int main() { return 0; }
        
Performing C++ SOURCE FILE Test _Qunused_arguments succeeded with the following output:
Change Dir: /home/tudor/Licenta/VerilatorSetup/build/CMakeFiles/CMakeTmp

Run Build Command(s):/usr/bin/ninja cmTC_e95aa && [1/2] Building CXX object CMakeFiles/cmTC_e95aa.dir/src.cxx.o
/home/tudor/Licenta/VerilatorSetup/build/CMakeFiles/CMakeTmp/src.cxx:2:10: warning: warning [-W#warnings]
        #warning warning
         ^
1 warning generated.
[2/2] Linking CXX executable cmTC_e95aa


Source file was:

        #warning warning
        int main() { return 0; }
        
Performing C++ SOURCE FILE Test _Wno_bool_operation succeeded with the following output:
Change Dir: /home/tudor/Licenta/VerilatorSetup/build/CMakeFiles/CMakeTmp

Run Build Command(s):/usr/bin/ninja cmTC_f6878 && [1/2] Building CXX object CMakeFiles/cmTC_f6878.dir/src.cxx.o
/home/tudor/Licenta/VerilatorSetup/build/CMakeFiles/CMakeTmp/src.cxx:2:10: warning: warning [-W#warnings]
        #warning warning
         ^
1 warning generated.
[2/2] Linking CXX executable cmTC_f6878


Source file was:

        #warning warning
        int main() { return 0; }
        
Performing C++ SOURCE FILE Test _Wno_c__11_narrowing succeeded with the following output:
Change Dir: /home/tudor/Licenta/VerilatorSetup/build/CMakeFiles/CMakeTmp

Run Build Command(s):/usr/bin/ninja cmTC_6d1ee && [1/2] Building CXX object CMakeFiles/cmTC_6d1ee.dir/src.cxx.o
/home/tudor/Licenta/VerilatorSetup/build/CMakeFiles/CMakeTmp/src.cxx:2:10: warning: warning [-W#warnings]
        #warning warning
         ^
1 warning generated.
[2/2] Linking CXX executable cmTC_6d1ee


Source file was:

        #warning warning
        int main() { return 0; }
        
Performing C++ SOURCE FILE Test _Wno_constant_logical_operand succeeded with the following output:
Change Dir: /home/tudor/Licenta/VerilatorSetup/build/CMakeFiles/CMakeTmp

Run Build Command(s):/usr/bin/ninja cmTC_cab8a && [1/2] Building CXX object CMakeFiles/cmTC_cab8a.dir/src.cxx.o
/home/tudor/Licenta/VerilatorSetup/build/CMakeFiles/CMakeTmp/src.cxx:2:10: warning: warning [-W#warnings]
        #warning warning
         ^
1 warning generated.
[2/2] Linking CXX executable cmTC_cab8a


Source file was:

        #warning warning
        int main() { return 0; }
        
Performing C++ SOURCE FILE Test _Wno_int_in_bool_context succeeded with the following output:
Change Dir: /home/tudor/Licenta/VerilatorSetup/build/CMakeFiles/CMakeTmp

Run Build Command(s):/usr/bin/ninja cmTC_29e01 && [1/2] Building CXX object CMakeFiles/cmTC_29e01.dir/src.cxx.o
/home/tudor/Licenta/VerilatorSetup/build/CMakeFiles/CMakeTmp/src.cxx:2:10: warning: warning [-W#warnings]
        #warning warning
         ^
1 warning generated.
[2/2] Linking CXX executable cmTC_29e01


Source file was:

        #warning warning
        int main() { return 0; }
        
Performing C++ SOURCE FILE Test _Wno_non_pod_varargs succeeded with the following output:
Change Dir: /home/tudor/Licenta/VerilatorSetup/build/CMakeFiles/CMakeTmp

Run Build Command(s):/usr/bin/ninja cmTC_c06aa && [1/2] Building CXX object CMakeFiles/cmTC_c06aa.dir/src.cxx.o
/home/tudor/Licenta/VerilatorSetup/build/CMakeFiles/CMakeTmp/src.cxx:2:10: warning: warning [-W#warnings]
        #warning warning
         ^
1 warning generated.
[2/2] Linking CXX executable cmTC_c06aa


Source file was:

        #warning warning
        int main() { return 0; }
        
Performing C++ SOURCE FILE Test _Wno_parentheses_equality succeeded with the following output:
Change Dir: /home/tudor/Licenta/VerilatorSetup/build/CMakeFiles/CMakeTmp

Run Build Command(s):/usr/bin/ninja cmTC_55a65 && [1/2] Building CXX object CMakeFiles/cmTC_55a65.dir/src.cxx.o
/home/tudor/Licenta/VerilatorSetup/build/CMakeFiles/CMakeTmp/src.cxx:2:10: warning: warning [-W#warnings]
        #warning warning
         ^
1 warning generated.
[2/2] Linking CXX executable cmTC_55a65


Source file was:

        #warning warning
        int main() { return 0; }
        
Performing C++ SOURCE FILE Test _Wno_shadow succeeded with the following output:
Change Dir: /home/tudor/Licenta/VerilatorSetup/build/CMakeFiles/CMakeTmp

Run Build Command(s):/usr/bin/ninja cmTC_9b7a6 && [1/2] Building CXX object CMakeFiles/cmTC_9b7a6.dir/src.cxx.o
/home/tudor/Licenta/VerilatorSetup/build/CMakeFiles/CMakeTmp/src.cxx:2:10: warning: warning [-W#warnings]
        #warning warning
         ^
1 warning generated.
[2/2] Linking CXX executable cmTC_9b7a6


Source file was:

        #warning warning
        int main() { return 0; }
        
Performing C++ SOURCE FILE Test _Wno_sign_compare succeeded with the following output:
Change Dir: /home/tudor/Licenta/VerilatorSetup/build/CMakeFiles/CMakeTmp

Run Build Command(s):/usr/bin/ninja cmTC_b582f && [1/2] Building CXX object CMakeFiles/cmTC_b582f.dir/src.cxx.o
/home/tudor/Licenta/VerilatorSetup/build/CMakeFiles/CMakeTmp/src.cxx:2:10: warning: warning [-W#warnings]
        #warning warning
         ^
1 warning generated.
[2/2] Linking CXX executable cmTC_b582f


Source file was:

        #warning warning
        int main() { return 0; }
        
Performing C++ SOURCE FILE Test _Wno_tautological_bitwise_compare succeeded with the following output:
Change Dir: /home/tudor/Licenta/VerilatorSetup/build/CMakeFiles/CMakeTmp

Run Build Command(s):/usr/bin/ninja cmTC_99ff3 && [1/2] Building CXX object CMakeFiles/cmTC_99ff3.dir/src.cxx.o
/home/tudor/Licenta/VerilatorSetup/build/CMakeFiles/CMakeTmp/src.cxx:2:10: warning: warning [-W#warnings]
        #warning warning
         ^
1 warning generated.
[2/2] Linking CXX executable cmTC_99ff3


Source file was:

        #warning warning
        int main() { return 0; }
        
Performing C++ SOURCE FILE Test _Wno_tautological_compare succeeded with the following output:
Change Dir: /home/tudor/Licenta/VerilatorSetup/build/CMakeFiles/CMakeTmp

Run Build Command(s):/usr/bin/ninja cmTC_801c4 && [1/2] Building CXX object CMakeFiles/cmTC_801c4.dir/src.cxx.o
/home/tudor/Licenta/VerilatorSetup/build/CMakeFiles/CMakeTmp/src.cxx:2:10: warning: warning [-W#warnings]
        #warning warning
         ^
1 warning generated.
[2/2] Linking CXX executable cmTC_801c4


Source file was:

        #warning warning
        int main() { return 0; }
        
Performing C++ SOURCE FILE Test _Wno_uninitialized succeeded with the following output:
Change Dir: /home/tudor/Licenta/VerilatorSetup/build/CMakeFiles/CMakeTmp

Run Build Command(s):/usr/bin/ninja cmTC_ff700 && [1/2] Building CXX object CMakeFiles/cmTC_ff700.dir/src.cxx.o
/home/tudor/Licenta/VerilatorSetup/build/CMakeFiles/CMakeTmp/src.cxx:2:10: warning: warning [-W#warnings]
        #warning warning
         ^
1 warning generated.
[2/2] Linking CXX executable cmTC_ff700


Source file was:

        #warning warning
        int main() { return 0; }
        
Performing C++ SOURCE FILE Test _Wno_unused_but_set_parameter succeeded with the following output:
Change Dir: /home/tudor/Licenta/VerilatorSetup/build/CMakeFiles/CMakeTmp

Run Build Command(s):/usr/bin/ninja cmTC_18bae && [1/2] Building CXX object CMakeFiles/cmTC_18bae.dir/src.cxx.o
/home/tudor/Licenta/VerilatorSetup/build/CMakeFiles/CMakeTmp/src.cxx:2:10: warning: warning [-W#warnings]
        #warning warning
         ^
1 warning generated.
[2/2] Linking CXX executable cmTC_18bae


Source file was:

        #warning warning
        int main() { return 0; }
        
Performing C++ SOURCE FILE Test _Wno_unused_but_set_variable succeeded with the following output:
Change Dir: /home/tudor/Licenta/VerilatorSetup/build/CMakeFiles/CMakeTmp

Run Build Command(s):/usr/bin/ninja cmTC_8ab35 && [1/2] Building CXX object CMakeFiles/cmTC_8ab35.dir/src.cxx.o
/home/tudor/Licenta/VerilatorSetup/build/CMakeFiles/CMakeTmp/src.cxx:2:10: warning: warning [-W#warnings]
        #warning warning
         ^
1 warning generated.
[2/2] Linking CXX executable cmTC_8ab35


Source file was:

        #warning warning
        int main() { return 0; }
        
Performing C++ SOURCE FILE Test _Wno_unused_parameter succeeded with the following output:
Change Dir: /home/tudor/Licenta/VerilatorSetup/build/CMakeFiles/CMakeTmp

Run Build Command(s):/usr/bin/ninja cmTC_beff4 && [1/2] Building CXX object CMakeFiles/cmTC_beff4.dir/src.cxx.o
/home/tudor/Licenta/VerilatorSetup/build/CMakeFiles/CMakeTmp/src.cxx:2:10: warning: warning [-W#warnings]
        #warning warning
         ^
1 warning generated.
[2/2] Linking CXX executable cmTC_beff4


Source file was:

        #warning warning
        int main() { return 0; }
        
Performing C++ SOURCE FILE Test _Wno_unused_variable succeeded with the following output:
Change Dir: /home/tudor/Licenta/VerilatorSetup/build/CMakeFiles/CMakeTmp

Run Build Command(s):/usr/bin/ninja cmTC_599e6 && [1/2] Building CXX object CMakeFiles/cmTC_599e6.dir/src.cxx.o
/home/tudor/Licenta/VerilatorSetup/build/CMakeFiles/CMakeTmp/src.cxx:2:10: warning: warning [-W#warnings]
        #warning warning
         ^
1 warning generated.
[2/2] Linking CXX executable cmTC_599e6


Source file was:

        #warning warning
        int main() { return 0; }
        
Performing C++ SOURCE FILE Test _pthread succeeded with the following output:
Change Dir: /home/tudor/Licenta/VerilatorSetup/build/CMakeFiles/CMakeTmp

Run Build Command(s):/usr/bin/ninja cmTC_aeb64 && [1/2] Building CXX object CMakeFiles/cmTC_aeb64.dir/src.cxx.o
[2/2] Linking CXX executable cmTC_aeb64


Source file was:
int main() {return 0;}

Performing C++ SOURCE FILE Test _lpthread succeeded with the following output:
Change Dir: /home/tudor/Licenta/VerilatorSetup/build/CMakeFiles/CMakeTmp

Run Build Command(s):/usr/bin/ninja cmTC_a4956 && [1/2] Building CXX object CMakeFiles/cmTC_a4956.dir/src.cxx.o
[2/2] Linking CXX executable cmTC_a4956


Source file was:
int main() {return 0;}

Performing C++ SOURCE FILE Test _latomic succeeded with the following output:
Change Dir: /home/tudor/Licenta/VerilatorSetup/build/CMakeFiles/CMakeTmp

Run Build Command(s):/usr/bin/ninja cmTC_d67a8 && [1/2] Building CXX object CMakeFiles/cmTC_d67a8.dir/src.cxx.o
[2/2] Linking CXX executable cmTC_d67a8


Source file was:
int main() {return 0;}

